# JRE version: OpenJDK Runtime Environment Temurin-21.0.4+7 (21.0.4+7) (build 21.0.4+7-LTS)
# Java VM: OpenJDK 64-Bit Server VM Temurin-21.0.4+7 (21.0.4+7-LTS, mixed mode, emulated-client, tiered, compressed oops, compressed class ptrs, g1 gc, windows-amd64)
GC Precious Log:
 CardTable entry size: 512
 Card Set container configuration: InlinePtr #cards 4 size 8 Array Of Cards #cards 16 size 48 Howl #buckets 8 coarsen threshold 3686 Howl Bitmap #cards 512 size 80 coarsen threshold 460 Card regions per heap region 1 cards per card region 4096
 CPUs: 8 total, 8 available
 Memory: 15984M
 Large Page Support: Disabled
 NUMA Support: Disabled
 Compressed Oops: Enabled (Zero based)
 Heap Region Size: 2M
 Heap Min Capacity: 8M
 Heap Initial Capacity: 250M
 Heap Max Capacity: 3998M
 Pre-touch: Disabled
 Parallel Workers: 8
 Concurrent Workers: 2
 Concurrent Refinement Workers: 8
 Periodic GC: Disabled
Heap:
 garbage-first heap   total 133120K, used 76395K [0x0000000706200000, 0x0000000800000000)
  region size 2048K, 19 young (38912K), 2 survivors (4096K)
 Metaspace       used 96928K, committed 100160K, reserved 1179648K
  class space    used 13347K, committed 14144K, reserved 1048576K
GC Heap History (20 events):
Event: 1385.597 GC heap after
{Heap after GC invocations=48 (full 4):
 garbage-first heap   total 133120K, used 51835K [0x0000000706200000, 0x0000000800000000)
  region size 2048K, 2 young (4096K), 2 survivors (4096K)
 Metaspace       used 100930K, committed 101824K, reserved 1179648K
  class space    used 13682K, committed 14080K, reserved 1048576K
}
Event: 1591.263 GC heap before
{Heap before GC invocations=49 (full 4):
 garbage-first heap   total 133120K, used 111227K [0x0000000706200000, 0x0000000800000000)
  region size 2048K, 31 young (63488K), 2 survivors (4096K)
 Metaspace       used 101087K, committed 101952K, reserved 1179648K
  class space    used 13711K, committed 14080K, reserved 1048576K
}
Event: 1591.267 GC heap after
{Heap after GC invocations=50 (full 4):
 garbage-first heap   total 133120K, used 52405K [0x0000000706200000, 0x0000000800000000)
  region size 2048K, 2 young (4096K), 2 survivors (4096K)
 Metaspace       used 101087K, committed 101952K, reserved 1179648K
  class space    used 13711K, committed 14080K, reserved 1048576K
}
Event: 1698.076 GC heap before
{Heap before GC invocations=50 (full 4):
 garbage-first heap   total 133120K, used 109749K [0x0000000706200000, 0x0000000800000000)
  region size 2048K, 32 young (65536K), 2 survivors (4096K)
 Metaspace       used 101308K, committed 102144K, reserved 1179648K
  class space    used 13751K, committed 14144K, reserved 1048576K
}
Event: 1698.082 GC heap after
{Heap after GC invocations=51 (full 4):
 garbage-first heap   total 133120K, used 51841K [0x0000000706200000, 0x0000000800000000)
  region size 2048K, 2 young (4096K), 2 survivors (4096K)
 Metaspace       used 101308K, committed 102144K, reserved 1179648K
  class space    used 13751K, committed 14144K, reserved 1048576K
}
Event: 2086.052 GC heap before
{Heap before GC invocations=52 (full 4):
 garbage-first heap   total 133120K, used 115329K [0x0000000706200000, 0x0000000800000000)
  region size 2048K, 33 young (67584K), 2 survivors (4096K)
 Metaspace       used 96775K, committed 100160K, reserved 1179648K
  class space    used 13307K, committed 14144K, reserved 1048576K
}
Event: 2086.058 GC heap after
{Heap after GC invocations=53 (full 4):
 garbage-first heap   total 133120K, used 51482K [0x0000000706200000, 0x0000000800000000)
  region size 2048K, 2 young (4096K), 2 survivors (4096K)
 Metaspace       used 96775K, committed 100160K, reserved 1179648K
  class space    used 13307K, committed 14144K, reserved 1048576K
}
Event: 2499.427 GC heap before
{Heap before GC invocations=53 (full 4):
 garbage-first heap   total 133120K, used 114970K [0x0000000706200000, 0x0000000800000000)
  region size 2048K, 33 young (67584K), 2 survivors (4096K)
 Metaspace       used 96775K, committed 100160K, reserved 1179648K
  class space    used 13307K, committed 14144K, reserved 1048576K
}
Event: 2499.435 GC heap after
{Heap after GC invocations=54 (full 4):
 garbage-first heap   total 133120K, used 44704K [0x0000000706200000, 0x0000000800000000)
  region size 2048K, 2 young (4096K), 2 survivors (4096K)
 Metaspace       used 96775K, committed 100160K, reserved 1179648K
  class space    used 13307K, committed 14144K, reserved 1048576K
}
Event: 2836.863 GC heap before
{Heap before GC invocations=54 (full 4):
 garbage-first heap   total 133120K, used 116384K [0x0000000706200000, 0x0000000800000000)
  region size 2048K, 38 young (77824K), 2 survivors (4096K)
 Metaspace       used 96800K, committed 100160K, reserved 1179648K
  class space    used 13314K, committed 14144K, reserved 1048576K
}
Event: 2836.873 GC heap after
{Heap after GC invocations=55 (full 4):
 garbage-first heap   total 133120K, used 45030K [0x0000000706200000, 0x0000000800000000)
  region size 2048K, 2 young (4096K), 2 survivors (4096K)
 Metaspace       used 96800K, committed 100160K, reserved 1179648K
  class space    used 13314K, committed 14144K, reserved 1048576K
}
Event: 3230.593 GC heap before
{Heap before GC invocations=56 (full 4):
 garbage-first heap   total 133120K, used 116710K [0x0000000706200000, 0x0000000800000000)
  region size 2048K, 38 young (77824K), 2 survivors (4096K)
 Metaspace       used 96832K, committed 100160K, reserved 1179648K
  class space    used 13322K, committed 14144K, reserved 1048576K
}
Event: 3230.603 GC heap after
{Heap after GC invocations=57 (full 4):
 garbage-first heap   total 133120K, used 45610K [0x0000000706200000, 0x0000000800000000)
  region size 2048K, 2 young (4096K), 2 survivors (4096K)
 Metaspace       used 96832K, committed 100160K, reserved 1179648K
  class space    used 13322K, committed 14144K, reserved 1048576K
}
Event: 3541.854 GC heap before
{Heap before GC invocations=57 (full 4):
 garbage-first heap   total 133120K, used 119338K [0x0000000706200000, 0x0000000800000000)
  region size 2048K, 38 young (77824K), 2 survivors (4096K)
 Metaspace       used 96862K, committed 100160K, reserved 1179648K
  class space    used 13330K, committed 14144K, reserved 1048576K
}
Event: 3541.873 GC heap after
{Heap after GC invocations=58 (full 4):
 garbage-first heap   total 133120K, used 43542K [0x0000000706200000, 0x0000000800000000)
  region size 2048K, 2 young (4096K), 2 survivors (4096K)
 Metaspace       used 96862K, committed 100160K, reserved 1179648K
  class space    used 13330K, committed 14144K, reserved 1048576K
}
Event: 3977.803 GC heap before
{Heap before GC invocations=58 (full 4):
 garbage-first heap   total 133120K, used 119318K [0x0000000706200000, 0x0000000800000000)
  region size 2048K, 39 young (79872K), 2 survivors (4096K)
 Metaspace       used 96862K, committed 100160K, reserved 1179648K
  class space    used 13330K, committed 14144K, reserved 1048576K
}
Event: 3977.814 GC heap after
{Heap after GC invocations=59 (full 4):
 garbage-first heap   total 133120K, used 43404K [0x0000000706200000, 0x0000000800000000)
  region size 2048K, 2 young (4096K), 2 survivors (4096K)
 Metaspace       used 96862K, committed 100160K, reserved 1179648K
  class space    used 13330K, committed 14144K, reserved 1048576K
}
Event: 4407.187 GC heap before
{Heap before GC invocations=60 (full 4):
 garbage-first heap   total 133120K, used 119180K [0x0000000706200000, 0x0000000800000000)
  region size 2048K, 39 young (79872K), 2 survivors (4096K)
 Metaspace       used 96889K, committed 100160K, reserved 1179648K
  class space    used 13337K, committed 14144K, reserved 1048576K
}
Event: 4407.196 GC heap after
{Heap after GC invocations=61 (full 4):
 garbage-first heap   total 133120K, used 43560K [0x0000000706200000, 0x0000000800000000)
  region size 2048K, 2 young (4096K), 2 survivors (4096K)
 Metaspace       used 96889K, committed 100160K, reserved 1179648K
  class space    used 13337K, committed 14144K, reserved 1048576K
}
Event: 4588.396 GC heap before
{Heap before GC invocations=61 (full 4):
 garbage-first heap   total 133120K, used 74280K [0x0000000706200000, 0x0000000800000000)
  region size 2048K, 19 young (38912K), 2 survivors (4096K)
 Metaspace       used 96928K, committed 100160K, reserved 1179648K
  class space    used 13347K, committed 14144K, reserved 1048576K
}

